07:56:45.135 INFO [GridLauncherV3.launch] - Selenium build info: version: '3.14.0', revision: 'aacccce0'
07:56:45.137 INFO [GridLauncherV3$1.launch] - Launching a standalone Selenium Server on port 4444
2018-08-30 07:56:45.312:INFO::main: Logging initialized @506ms to org.seleniumhq.jetty9.util.log.StdErrLog
07:56:45.570 INFO [SeleniumServer.boot] - Selenium Server is up and running on port 4444
07:56:46.016 INFO [ActiveSessionFactory.apply] - Capabilities are: {
  "acceptSslCerts": true,
  "browserName": "chrome",
  "chromeOptions": {
    "args": [
      "incognito",
      "no-sandbox",
      "disable-gpu"
    ]
  },
  "javascriptEnabled": true
}
07:56:46.018 INFO [ActiveSessionFactory.lambda$apply$11] - Matched factory org.openqa.selenium.remote.server.ServicedSession$Factory (provider: org.openqa.selenium.chrome.ChromeDriverService)
Starting ChromeDriver 2.41.578706 (5f725d1b4f0a4acbf5259df887244095596231db) on port 23227
Only local connections are allowed.
07:56:46.932 INFO [ProtocolHandshake.createSession] - Detected dialect: OSS
07:56:47.372 INFO [RemoteSession$Factory.lambda$performHandshake$0] - Started new session 98a192eef797c5107b4d9e70e7f21e69 (org.openqa.selenium.chrome.ChromeDriverService)
07:57:13.684 INFO [ActiveSessions$1.onStop] - Removing session 98a192eef797c5107b4d9e70e7f21e69 (org.openqa.selenium.chrome.ChromeDriverService)
07:57:13.697 INFO [ActiveSessionFactory.apply] - Capabilities are: {
  "acceptSslCerts": true,
  "browserName": "chrome",
  "chromeOptions": {
    "args": [
      "incognito",
      "no-sandbox",
      "disable-gpu"
    ]
  },
  "javascriptEnabled": true
}
07:57:13.697 INFO [ActiveSessionFactory.lambda$apply$11] - Matched factory org.openqa.selenium.remote.server.ServicedSession$Factory (provider: org.openqa.selenium.chrome.ChromeDriverService)
Starting ChromeDriver 2.41.578706 (5f725d1b4f0a4acbf5259df887244095596231db) on port 9053
Only local connections are allowed.
07:57:14.269 INFO [ProtocolHandshake.createSession] - Detected dialect: OSS
07:57:14.349 INFO [RemoteSession$Factory.lambda$performHandshake$0] - Started new session 8e4a360a5c95ab3898e4696d42305786 (org.openqa.selenium.chrome.ChromeDriverService)
07:57:44.553 INFO [ActiveSessions$1.onStop] - Removing session 8e4a360a5c95ab3898e4696d42305786 (org.openqa.selenium.chrome.ChromeDriverService)
